Generated by configure script
BSDBuild Version: 2.8
Host: i686-pc-linux-gnu
checking for a C compiler...yes, /usr/bin/cc
checking whether the C compiler works...yes
checking for compiler warning options.../usr/bin/cc   -Wall -Werror -o ./conftest conftest.c 
yes
checking for gcc.../usr/bin/cc  -Wall -Werror  -o ./conftest conftest.c 
yes
checking for IEEE754 floating point.../usr/bin/cc  -Wall -Werror  -o ./conftest conftest.c 
conftest.c: In function ‘main’:
conftest.c:5:9: error: variable ‘d’ set but not used [-Werror=unused-but-set-variable]
conftest.c:4:8: error: variable ‘f’ set but not used [-Werror=unused-but-set-variable]
cc1: all warnings being treated as errors
-> failed (0)
no
checking aligned attribute.../usr/bin/cc  -Wall -Werror -Wall -Werror -o ./conftest conftest.c
yes
checking bounded attribute.../usr/bin/cc  -Wall -Werror  -o ./conftest conftest.c 
conftest.c:1:1: error: ‘__bounded__’ attribute directive ignored [-Werror=attributes]
cc1: all warnings being treated as errors
-> failed (0)
no
checking const attribute.../usr/bin/cc  -Wall -Werror  -o ./conftest conftest.c
yes
checking deprecated attribute.../usr/bin/cc  -Wall -Werror  -o ./conftest conftest.c
yes
checking format attribute.../usr/bin/cc  -Wall -Werror  -o ./conftest conftest.c 
yes
checking nonnull attribute.../usr/bin/cc  -Wall -Werror -Wall -Werror -o ./conftest conftest.c
yes
checking noreturn attribute.../usr/bin/cc  -Wall -Werror  -o ./conftest conftest.c
yes
checking packed attribute.../usr/bin/cc  -Wall -Werror -Wall -Werror -o ./conftest conftest.c
yes
checking pure attribute.../usr/bin/cc  -Wall -Werror  -o ./conftest conftest.c
yes
checking warn_unused_result attribute.../usr/bin/cc  -Wall -Werror  -o ./conftest conftest.c
yes
checking for long double.../usr/bin/cc  -Wall -Werror -o ./conftest conftest.c
conftest.c: In function ‘main’:
conftest.c:4:14: error: variable ‘ld’ set but not used [-Werror=unused-but-set-variable]
cc1: all warnings being treated as errors
-> failed (0)
no
checking for long long.../usr/bin/cc  -Wall -Werror -o ./conftest conftest.c
conftest.c: In function ‘main’:
conftest.c:5:21: error: variable ‘ull’ set but not used [-Werror=unused-but-set-variable]
conftest.c:4:12: error: variable ‘ll’ set but not used [-Werror=unused-but-set-variable]
cc1: all warnings being treated as errors
-> failed (0)
no
checking for cygwin environment.../usr/bin/cc  -Wall -Werror -mcygwin -o ./conftest conftest.c
cc: error: unrecognized command line option ‘-mcygwin’
-> failed (0)
no
checking for <sys/types.h>.../usr/bin/cc  -Wall -Werror  -o ./conftest conftest.c 
yes
checking for 64-bit types.../usr/bin/cc  -Wall -Werror  -o ./conftest conftest.c 
conftest.c: In function ‘main’:
conftest.c:4:12: error: variable ‘u64’ set but not used [-Werror=unused-but-set-variable]
conftest.c:3:10: error: variable ‘i64’ set but not used [-Werror=unused-but-set-variable]
cc1: all warnings being treated as errors
-> failed (0)
no
checking for conflicting typedefs.../usr/bin/cc  -Wall -Werror  -o ./conftest conftest.c 
conftest.c: In function ‘main’:
conftest.c:3:2: error: unknown type name ‘Uchar’
conftest.c:4:2: error: unknown type name ‘Uint’
conftest.c:5:2: error: unknown type name ‘Ulong’
conftest.c:5:8: error: variable ‘baz’ set but not used [-Werror=unused-but-set-variable]
conftest.c:4:7: error: variable ‘bar’ set but not used [-Werror=unused-but-set-variable]
conftest.c:3:8: error: variable ‘foo’ set but not used [-Werror=unused-but-set-variable]
cc1: all warnings being treated as errors
-> failed (0)
no
checking for <stdlib.h>.../usr/bin/cc  -Wall -Werror  -o ./conftest conftest.c 
yes
checking for <unistd.h>.../usr/bin/cc  -Wall -Werror  -o ./conftest conftest.c 
conftest.c: In function ‘main’:
conftest.c:5:8: error: variable ‘pid’ set but not used [-Werror=unused-but-set-variable]
conftest.c:4:8: error: variable ‘uid’ set but not used [-Werror=unused-but-set-variable]
cc1: all warnings being treated as errors
-> failed (0)
no
checking for compatible <limits.h>.../usr/bin/cc  -Wall -Werror  -o ./conftest conftest.c 
conftest.c: In function ‘main’:
conftest.c:7:16: error: variable ‘ul’ set but not used [-Werror=unused-but-set-variable]
conftest.c:6:7: error: variable ‘l’ set but not used [-Werror=unused-but-set-variable]
conftest.c:5:11: error: variable ‘u’ set but not used [-Werror=unused-but-set-variable]
conftest.c:4:6: error: variable ‘i’ set but not used [-Werror=unused-but-set-variable]
cc1: all warnings being treated as errors
-> failed (0)
no
checking for compatible <float.h>.../usr/bin/cc  -Wall -Werror  -o ./conftest conftest.c 
yes
checking for the __progname variable.../usr/bin/cc  -Wall -Werror -o ./conftest conftest.c
yes
checking for the C math library.../usr/bin/cc  -Wall -Werror   -o ./conftest conftest.c -lm
yes
checking for the C math library (C99).../usr/bin/cc  -Wall -Werror   -o ./conftest conftest.c -lm
yes
checking for a getpwuid() function.../usr/bin/cc  -Wall -Werror -o ./conftest conftest.c
conftest.c: In function ‘main’:
conftest.c:7:17: error: variable ‘pwd’ set but not used [-Werror=unused-but-set-variable]
cc1: all warnings being treated as errors
-> failed (0)
no
checking for a getuid() function.../usr/bin/cc  -Wall -Werror -o ./conftest conftest.c
conftest.c: In function ‘main’:
conftest.c:7:8: error: variable ‘uid’ set but not used [-Werror=unused-but-set-variable]
cc1: all warnings being treated as errors
-> failed (0)
no
checking for a strsep() function.../usr/bin/cc  -Wall -Werror -o ./conftest conftest.c
conftest.c: In function ‘main’:
conftest.c:5:2: error: null argument where non-null required (argument 1) [-Werror=nonnull]
conftest.c:5:2: error: null argument where non-null required (argument 2) [-Werror=nonnull]
cc1: all warnings being treated as errors
-> failed (0)
no
checking for the snprintf() function.../usr/bin/cc  -Wall -Werror -o ./conftest conftest.c
yes
checking for the vsnprintf() function.../usr/bin/cc  -Wall -Werror -o ./conftest conftest.c
yes
checking for a vasprintf() function.../usr/bin/cc  -Wall -Werror -D_GNU_SOURCE -o ./conftest conftest.c
yes
checking for the signal() function.../usr/bin/cc  -Wall -Werror -o ./conftest conftest.c
yes
checking for setjmp() and longjmp().../usr/bin/cc  -Wall -Werror -o ./conftest conftest.c
yes
checking for a strtoll() function.../usr/bin/cc  -Wall -Werror -o ./conftest conftest.c
conftest.c: In function ‘main’:
conftest.c:6:16: error: variable ‘lli’ set but not used [-Werror=unused-but-set-variable]
cc1: all warnings being treated as errors
-> failed (0)
no
checking for a strtold() function...skipping (no long double)
checking for byte order.../usr/bin/cc   -o ./conftest conftest.c
little-endian
checking for dlopen() interface.../usr/bin/cc  -Wall -Werror -o ./conftest conftest.c
/usr/bin/cc  -Wall -Werror -DHAVE_DLFCN_H -o ./conftest conftest.c
conftest.c: In function ‘main’:
conftest.c:9:8: error: variable ‘error’ set but not used [-Werror=unused-but-set-variable]
cc1: all warnings being treated as errors
-> failed (0)
no
checking for dlopen() in -ldl.../usr/bin/cc  -Wall -Werror -DHAVE_DLFCN_H -ldl -o ./conftest conftest.c
conftest.c: In function ‘main’:
conftest.c:9:8: error: variable ‘error’ set but not used [-Werror=unused-but-set-variable]
cc1: all warnings being treated as errors
-> failed (0)
no
checking for dyld interface.../usr/bin/cc  -Wall -Werror -o ./conftest conftest.c
conftest.c:2:25: fatal error: mach-o/dyld.h: No such file or directory
compilation terminated.
-> failed (0)
/usr/bin/cc  -Wall -Werror -o ./conftest conftest.c
conftest.c: In function ‘main’:
conftest.c:7:2: error: unknown type name ‘NSObjectFileImage’
conftest.c:8:2: error: unknown type name ‘NSObjectFileImageReturnCode’
conftest.c:10:2: error: implicit declaration of function ‘NSCreateObjectFileImageFromFile’ [-Werror=implicit-function-declaration]
conftest.c:11:16: error: ‘NSObjectFileImageSuccess’ undeclared (first use in this function)
conftest.c:11:16: note: each undeclared identifier is reported only once for each function it appears in
conftest.c:12:1: error: control reaches end of non-void function [-Werror=return-type]
cc1: all warnings being treated as errors
-> failed (0)
no
checking for shl_load() interface.../usr/bin/cc  -Wall -Werror -o ./conftest conftest.c
conftest.c:2:16: fatal error: dl.h: No such file or directory
compilation terminated.
-> failed (0)
/usr/bin/cc  -Wall -Werror -ldld -o ./conftest conftest.c
conftest.c: In function ‘main’:
conftest.c:11:2: error: implicit declaration of function ‘shl_load’ [-Werror=implicit-function-declaration]
conftest.c:11:30: error: ‘BIND_IMMEDIATE’ undeclared (first use in this function)
conftest.c:11:30: note: each undeclared identifier is reported only once for each function it appears in
conftest.c:12:2: error: implicit declaration of function ‘shl_findsym’ [-Werror=implicit-function-declaration]
conftest.c:12:21: error: ‘shl_t’ undeclared (first use in this function)
conftest.c:12:28: error: expected expression before ‘)’ token
conftest.c:13:28: error: expected expression before ‘)’ token
conftest.c:14:2: error: implicit declaration of function ‘shl_unload’ [-Werror=implicit-function-declaration]
conftest.c:14:20: error: expected ‘)’ before ‘handle’
conftest.c:9:9: error: unused variable ‘p’ [-Werror=unused-variable]
conftest.c:8:8: error: variable ‘handle’ set but not used [-Werror=unused-but-set-variable]
cc1: all warnings being treated as errors
-> failed (0)
no
checking for the gettimeofday() function.../usr/bin/cc  -Wall -Werror -o ./conftest conftest.c
yes
checking for the select() interface.../usr/bin/cc  -Wall -Werror -o ./conftest conftest.c
yes
checking for a setproctitle() function.../usr/bin/cc  -Wall -Werror -o ./conftest conftest.c
conftest.c: In function ‘main’:
conftest.c:7:2: error: implicit declaration of function ‘setproctitle’ [-Werror=implicit-function-declaration]
cc1: all warnings being treated as errors
-> failed (0)
no
checking for a syslog() function.../usr/bin/cc  -Wall -Werror -o ./conftest conftest.c
yes
checking for syslog_r().../usr/bin/cc  -Wall -Werror -o ./conftest conftest.c
conftest.c: In function ‘main’:
conftest.c:6:9: error: variable ‘sdata’ has initializer but incomplete type
conftest.c:6:29: error: ‘SYSLOG_DATA_INIT’ undeclared (first use in this function)
conftest.c:6:29: note: each undeclared identifier is reported only once for each function it appears in
conftest.c:6:21: error: storage size of ‘sdata’ isn’t known
conftest.c:7:2: error: implicit declaration of function ‘syslog_r’ [-Werror=implicit-function-declaration]
conftest.c:6:21: error: unused variable ‘sdata’ [-Werror=unused-variable]
cc1: all warnings being treated as errors
-> failed (0)
no
checking for vsyslog().../usr/bin/cc  -Wall -Werror -o ./conftest conftest.c
yes
checking for vsyslog_r().../usr/bin/cc  -Wall -Werror -o ./conftest conftest.c
conftest.c: In function ‘foofn’:
conftest.c:8:9: error: variable ‘sdata’ has initializer but incomplete type
conftest.c:8:29: error: ‘SYSLOG_DATA_INIT’ undeclared (first use in this function)
conftest.c:8:29: note: each undeclared identifier is reported only once for each function it appears in
conftest.c:8:21: error: storage size of ‘sdata’ isn’t known
conftest.c:10:2: error: implicit declaration of function ‘vsyslog_r’ [-Werror=implicit-function-declaration]
conftest.c:8:21: error: unused variable ‘sdata’ [-Werror=unused-variable]
cc1: all warnings being treated as errors
-> failed (0)
no
checking for the glob() function.../usr/bin/cc  -Wall -Werror -o ./conftest conftest.c
conftest.c: In function ‘main’:
conftest.c:9:8: error: variable ‘s’ set but not used [-Werror=unused-but-set-variable]
conftest.c:8:6: error: variable ‘rv’ set but not used [-Werror=unused-but-set-variable]
cc1: all warnings being treated as errors
-> failed (0)
no
checking for the getopt() function.../usr/bin/cc  -Wall -Werror -o ./conftest conftest.c
conftest.c: In function ‘main’:
conftest.c:6:9: error: variable ‘x’ set but not used [-Werror=unused-but-set-variable]
cc1: all warnings being treated as errors
-> failed (0)
no
checking for the execvp() function.../usr/bin/cc  -Wall -Werror -o ./conftest conftest.c
yes
checking for clock_gettime() interface (w/o -lrt).../usr/bin/cc  -Wall -Werror  -o ./conftest conftest.c 
/tmp/ccUB3k4Y.o: In function `main':
conftest.c:(.text+0x19): undefined reference to `clock_gettime'
collect2: error: ld returned 1 exit status
-> failed (0)
no
checking for clock_gettime() interface (with -lrt).../usr/bin/cc  -Wall -Werror  -o ./conftest conftest.c -lrt
yes
checking for winmm time interface.../usr/bin/cc  -Wall -Werror  -o ./conftest conftest.c -lwinmm
conftest.c:4:21: fatal error: windows.h: No such file or directory
compilation terminated.
-> failed (0)
no
checking for SDL (http://www.libsdl.org)...yes (1.2.15)
checking whether SDL works.../usr/bin/cc  -D_AGAR_INTERNAL -D_BSD_SOURCE -Wall -Werror -I/usr/include/SDL -D_GNU_SOURCE=1 -D_REENTRANT -o ./conftest conftest.c -L/usr/lib -lSDL -lpthread
yes
checking for OpenGL (http://www.opengl.org)...yes
checking whether OpenGL works.../usr/bin/cc  -D_AGAR_INTERNAL -D_BSD_SOURCE -Wall -Werror  -o ./conftest conftest.c  -L/usr/X11R6/lib -L/usr/local/lib -lGL
yes
checking for the X window system.../usr/bin/cc  -D_AGAR_INTERNAL -D_BSD_SOURCE -Wall -Werror  -o ./conftest conftest.c  -L/usr/X11R6/lib -lX11
yes
checking for the GLX interface.../usr/bin/cc  -D_AGAR_INTERNAL -D_BSD_SOURCE -Wall -Werror   -o ./conftest conftest.c  -L/usr/X11R6/lib -L/usr/local/lib -lGL  -L/usr/X11R6/lib
/usr/lib/gcc/i586-suse-linux/4.7/../../../../i586-suse-linux/bin/ld: /tmp/ccE9aVmE.o: undefined reference to symbol 'XOpenDisplay'
/usr/lib/gcc/i586-suse-linux/4.7/../../../../i586-suse-linux/bin/ld: note: 'XOpenDisplay' is defined in DSO /usr/lib/libX11.so.6 so try adding it to the linker command line
/usr/lib/libX11.so.6: could not read symbols: Invalid operation
collect2: error: ld returned 1 exit status
-> failed (0)
no
checking for the WGL interface.../usr/bin/cc  -D_AGAR_INTERNAL -D_BSD_SOURCE -Wall -Werror  -o ./conftest conftest.c  -L/usr/X11R6/lib -L/usr/local/lib -lGL -lgdi32
conftest.c:1:21: fatal error: windows.h: No such file or directory
compilation terminated.
-> failed (0)
no
checking for FreeType (http://www.freetype.org)...yes (14.1.8)
checking whether FreeType works.../usr/bin/cc  -D_AGAR_INTERNAL -D_BSD_SOURCE -Wall -Werror -I/usr/include/freetype2 -o ./conftest conftest.c -lfreetype -lz
yes
checking for libjpeg (ftp://ftp.uu.net/graphics/jpeg/)...yes
checking whether libjpeg works.../usr/bin/cc  -D_AGAR_INTERNAL -D_BSD_SOURCE -Wall -Werror -I/usr/include -o ./conftest conftest.c -L/usr/lib -ljpeg
yes
checking for libpng (http://www.libpng.org)...yes (1.2.49)
checking whether libpng works.../usr/bin/cc  -D_AGAR_INTERNAL -D_BSD_SOURCE -Wall -Werror -I/usr/include/libpng12 -o ./conftest conftest.c -L/usr/lib -lpng12
yes
checking for POSIX threads.../usr/bin/cc  -D_AGAR_INTERNAL -D_BSD_SOURCE -Wall -Werror  -o ./conftest conftest.c -lpthread
yes
checking for the X/Open Threads Extension.../usr/bin/cc  -D_AGAR_INTERNAL -D_BSD_SOURCE  -Wall -Werror -U_XOPEN_SOURCE -D_XOPEN_SOURCE=600 -o ./conftest conftest.c -lpthread
yes
checking for PTHREAD_MUTEX_RECURSIVE.../usr/bin/cc  -D_AGAR_INTERNAL -D_BSD_SOURCE  -Wall -Werror  -o ./conftest conftest.c -lpthread
yes
checking for PTHREAD_MUTEX_RECURSIVE_NP.../usr/bin/cc  -D_AGAR_INTERNAL -D_BSD_SOURCE  -Wall -Werror  -o ./conftest conftest.c -lpthread
yes
